<?xml version="1.0" encoding="UTF-8"?>
<!-- Generated by org.testng.reporters.JUnitReportReporter -->
<testsuite hostname="MAHFUJ-1B5SPLO" failures="0" tests="1" name="bla2020.TestPro2020" time="10.102" errors="0" timestamp="2020-06-14T23:18:07 EDT" skipped="0">
  <testcase classname="bla2020.TestPro2020" name="openBrowser" time="10.102"/>
  <system-out/>
</testsuite> <!-- bla2020.TestPro2020 -->
