<?xml version="1.0" encoding="UTF-8"?>
<!-- Generated by org.testng.reporters.JUnitReportReporter -->
<testsuite hostname="MAHFUJ-1B5SPLO" failures="0" tests="1" name="bla2020.DragAndDrop" time="9.866" errors="0" timestamp="2020-06-14T23:16:53 EDT" skipped="0">
  <testcase classname="bla2020.DragAndDrop" name="oprnBrowser" time="9.866"/>
  <system-out/>
</testsuite> <!-- bla2020.DragAndDrop -->
